<?xml version="1.0" encoding="UTF-8"?>
<!-- Generated by org.testng.reporters.JUnitReportReporter -->
<testsuite hostname="Moorthy" failures="0" tests="1" name="runner.TestRunner" time="20.013" errors="0" timestamp="2025-03-10T14:50:52 IST" skipped="0">
  <testcase classname="runner.TestRunner" name="runScenario" time="20.013"/>
  <system-out/>
</testsuite> <!-- runner.TestRunner -->
